2024-09-03T17:26:38.609+08:00  INFO 14168 --- [res-security] [main] com.yc.utils.JwtTokenUtilTest            : Starting JwtTokenUtilTest using Java 17.0.4.1 with PID 14168 (started by DELL in C:\ideaprojects\res_cloud\res-security)
2024-09-03T17:26:38.611+08:00  INFO 14168 --- [res-security] [main] com.yc.utils.JwtTokenUtilTest            : The following 1 profile is active: "dev"
2024-09-03T17:26:39.800+08:00  INFO 14168 --- [res-security] [main] .s.d.r.c.RepositoryConfigurationDelegate : Multiple Spring Data modules found, entering strict repository configuration mode
2024-09-03T17:26:39.803+08:00  INFO 14168 --- [res-security] [main] .s.d.r.c.RepositoryConfigurationDelegate : Bootstrapping Spring Data Redis repositories in DEFAULT mode.
2024-09-03T17:26:39.839+08:00  INFO 14168 --- [res-security] [main] .s.d.r.c.RepositoryConfigurationDelegate : Finished Spring Data repository scanning in 12 ms. Found 0 Redis repository interfaces.
2024-09-03T17:26:39.968+08:00  WARN 14168 --- [res-security] [main] o.m.s.mapper.ClassPathMapperScanner      : No MyBatis mapper was found in '[com.yc.dao]' package. Please check your configuration.
2024-09-03T17:26:40.063+08:00  INFO 14168 --- [res-security] [main] o.s.cloud.context.scope.GenericScope     : BeanFactory id=d302df67-b54c-34ba-b018-24becdbeaa5a
2024-09-03T17:26:42.555+08:00  INFO 14168 --- [res-security] [main] o.s.cloud.commons.util.InetUtils         : Cannot determine local hostname
2024-09-03T17:26:42.814+08:00  INFO 14168 --- [res-security] [main] c.a.d.s.b.a.DruidDataSourceAutoConfigure : Init DruidDataSource
2024-09-03T17:26:43.307+08:00  INFO 14168 --- [res-security] [main] com.alibaba.druid.pool.DruidDataSource   : {dataSource-1} inited
2024-09-03T17:26:46.209+08:00  INFO 14168 --- [res-security] [main] o.s.cloud.commons.util.InetUtils         : Cannot determine local hostname
2024-09-03T17:26:46.229+08:00  INFO 14168 --- [res-security] [main] o.s.b.a.e.web.EndpointLinksResolver      : Exposing 18 endpoint(s) beneath base path '/actuator'
2024-09-03T17:26:46.332+08:00  INFO 14168 --- [res-security] [main] com.yc.utils.JwtTokenUtilTest            : Started JwtTokenUtilTest in 9.302 seconds (process running for 10.268)
2024-09-03T17:26:47.281+08:00  INFO 14168 --- [res-security] [SpringApplicationShutdownHook] com.alibaba.druid.pool.DruidDataSource   : {dataSource-1} closing ...
2024-09-03T17:26:47.290+08:00  INFO 14168 --- [res-security] [SpringApplicationShutdownHook] com.alibaba.druid.pool.DruidDataSource   : {dataSource-1} closed
2024-09-03T17:29:35.198+08:00  INFO 14816 --- [res-security] [main] com.yc.utils.JwtTokenUtilTest            : Starting JwtTokenUtilTest using Java 17.0.4.1 with PID 14816 (started by DELL in C:\ideaprojects\res_cloud\res-security)
2024-09-03T17:29:35.199+08:00  INFO 14816 --- [res-security] [main] com.yc.utils.JwtTokenUtilTest            : The following 1 profile is active: "dev"
2024-09-03T17:29:36.558+08:00  INFO 14816 --- [res-security] [main] .s.d.r.c.RepositoryConfigurationDelegate : Multiple Spring Data modules found, entering strict repository configuration mode
2024-09-03T17:29:36.562+08:00  INFO 14816 --- [res-security] [main] .s.d.r.c.RepositoryConfigurationDelegate : Bootstrapping Spring Data Redis repositories in DEFAULT mode.
2024-09-03T17:29:36.595+08:00  INFO 14816 --- [res-security] [main] .s.d.r.c.RepositoryConfigurationDelegate : Finished Spring Data repository scanning in 16 ms. Found 0 Redis repository interfaces.
2024-09-03T17:29:36.734+08:00  WARN 14816 --- [res-security] [main] o.m.s.mapper.ClassPathMapperScanner      : No MyBatis mapper was found in '[com.yc.dao]' package. Please check your configuration.
2024-09-03T17:29:36.819+08:00  INFO 14816 --- [res-security] [main] o.s.cloud.context.scope.GenericScope     : BeanFactory id=d302df67-b54c-34ba-b018-24becdbeaa5a
2024-09-03T17:29:39.352+08:00  INFO 14816 --- [res-security] [main] o.s.cloud.commons.util.InetUtils         : Cannot determine local hostname
2024-09-03T17:29:39.648+08:00  INFO 14816 --- [res-security] [main] c.a.d.s.b.a.DruidDataSourceAutoConfigure : Init DruidDataSource
2024-09-03T17:29:40.195+08:00  INFO 14816 --- [res-security] [main] com.alibaba.druid.pool.DruidDataSource   : {dataSource-1} inited
2024-09-03T17:29:43.112+08:00  INFO 14816 --- [res-security] [main] o.s.cloud.commons.util.InetUtils         : Cannot determine local hostname
2024-09-03T17:29:43.131+08:00  INFO 14816 --- [res-security] [main] o.s.b.a.e.web.EndpointLinksResolver      : Exposing 18 endpoint(s) beneath base path '/actuator'
2024-09-03T17:29:43.212+08:00  INFO 14816 --- [res-security] [main] com.yc.utils.JwtTokenUtilTest            : Started JwtTokenUtilTest in 9.638 seconds (process running for 10.52)
2024-09-03T17:29:44.034+08:00  INFO 14816 --- [res-security] [main] com.yc.utils.JwtTokenUtilTest            : eyJ0eXAiOiJKV1QiLCJhbGciOiJIUzI1NiJ9.eyJzdWIiOiLmtYvor5Vqd3TnlJ_miJB0b2tlbiIsInJvbGUiOiJhZG1pbiIsIm5hbWUiOiLlvKDkuIkiLCJleHAiOjE3MjUzNTU3ODM5ODYsImlhdCI6IjA3YmVkZWI0LTc2NjctNDJhMS1hNDA1LWMyM2UzNzdmNGJjNyJ9.Kq33jNheyF7EKMI_5WMhrzd6ISiX03XTnF2-eKzhS-E
2024-09-03T17:29:44.068+08:00  INFO 14816 --- [res-security] [SpringApplicationShutdownHook] com.alibaba.druid.pool.DruidDataSource   : {dataSource-1} closing ...
2024-09-03T17:29:44.076+08:00  INFO 14816 --- [res-security] [SpringApplicationShutdownHook] com.alibaba.druid.pool.DruidDataSource   : {dataSource-1} closed
2024-09-03T17:30:32.737+08:00  INFO 13000 --- [res-security] [main] com.yc.utils.JwtTokenUtilTest            : Starting JwtTokenUtilTest using Java 17.0.4.1 with PID 13000 (started by DELL in C:\ideaprojects\res_cloud\res-security)
2024-09-03T17:30:32.739+08:00  INFO 13000 --- [res-security] [main] com.yc.utils.JwtTokenUtilTest            : The following 1 profile is active: "dev"
2024-09-03T17:30:34.059+08:00  INFO 13000 --- [res-security] [main] .s.d.r.c.RepositoryConfigurationDelegate : Multiple Spring Data modules found, entering strict repository configuration mode
2024-09-03T17:30:34.063+08:00  INFO 13000 --- [res-security] [main] .s.d.r.c.RepositoryConfigurationDelegate : Bootstrapping Spring Data Redis repositories in DEFAULT mode.
2024-09-03T17:30:34.096+08:00  INFO 13000 --- [res-security] [main] .s.d.r.c.RepositoryConfigurationDelegate : Finished Spring Data repository scanning in 13 ms. Found 0 Redis repository interfaces.
2024-09-03T17:30:34.233+08:00  WARN 13000 --- [res-security] [main] o.m.s.mapper.ClassPathMapperScanner      : No MyBatis mapper was found in '[com.yc.dao]' package. Please check your configuration.
2024-09-03T17:30:34.316+08:00  INFO 13000 --- [res-security] [main] o.s.cloud.context.scope.GenericScope     : BeanFactory id=d302df67-b54c-34ba-b018-24becdbeaa5a
2024-09-03T17:30:36.912+08:00  INFO 13000 --- [res-security] [main] o.s.cloud.commons.util.InetUtils         : Cannot determine local hostname
2024-09-03T17:30:37.208+08:00  INFO 13000 --- [res-security] [main] c.a.d.s.b.a.DruidDataSourceAutoConfigure : Init DruidDataSource
2024-09-03T17:30:37.688+08:00  INFO 13000 --- [res-security] [main] com.alibaba.druid.pool.DruidDataSource   : {dataSource-1} inited
2024-09-03T17:30:40.460+08:00  INFO 13000 --- [res-security] [main] o.s.cloud.commons.util.InetUtils         : Cannot determine local hostname
2024-09-03T17:30:40.479+08:00  INFO 13000 --- [res-security] [main] o.s.b.a.e.web.EndpointLinksResolver      : Exposing 18 endpoint(s) beneath base path '/actuator'
2024-09-03T17:30:40.577+08:00  INFO 13000 --- [res-security] [main] com.yc.utils.JwtTokenUtilTest            : Started JwtTokenUtilTest in 9.438 seconds (process running for 10.231)
2024-09-03T17:30:41.357+08:00  INFO 13000 --- [res-security] [main] com.yc.utils.JwtTokenUtilTest            : eyJ0eXAiOiJKV1QiLCJhbGciOiJIUzI1NiJ9.eyJzdWIiOiLmtYvor5Vqd3TnlJ_miJB0b2tlbiIsInJvbGUiOiJhZG1pbiIsIm5hbWUiOiLlvKDkuIkiLCJleHAiOjE3MjUzNTU4NDEzMTgsImlhdCI6IjI5MzQxZDY1LWRlMjEtNGVjYi1hODE4LWM5NmVkYzEzYjNlOCJ9.JsTId1SB0g6nipkGog8exuZDgf55Gc_yc6IRglSUc7A
2024-09-03T17:30:41.389+08:00  INFO 13000 --- [res-security] [SpringApplicationShutdownHook] com.alibaba.druid.pool.DruidDataSource   : {dataSource-1} closing ...
2024-09-03T17:30:41.401+08:00  INFO 13000 --- [res-security] [SpringApplicationShutdownHook] com.alibaba.druid.pool.DruidDataSource   : {dataSource-1} closed
2024-09-03T17:31:34.647+08:00  INFO 18864 --- [res-security] [main] com.yc.utils.JwtTokenUtilTest            : Starting JwtTokenUtilTest using Java 17.0.4.1 with PID 18864 (started by DELL in C:\ideaprojects\res_cloud\res-security)
2024-09-03T17:31:34.649+08:00  INFO 18864 --- [res-security] [main] com.yc.utils.JwtTokenUtilTest            : The following 1 profile is active: "dev"
2024-09-03T17:31:35.801+08:00  INFO 18864 --- [res-security] [main] .s.d.r.c.RepositoryConfigurationDelegate : Multiple Spring Data modules found, entering strict repository configuration mode
2024-09-03T17:31:35.804+08:00  INFO 18864 --- [res-security] [main] .s.d.r.c.RepositoryConfigurationDelegate : Bootstrapping Spring Data Redis repositories in DEFAULT mode.
2024-09-03T17:31:35.835+08:00  INFO 18864 --- [res-security] [main] .s.d.r.c.RepositoryConfigurationDelegate : Finished Spring Data repository scanning in 15 ms. Found 0 Redis repository interfaces.
2024-09-03T17:31:35.962+08:00  WARN 18864 --- [res-security] [main] o.m.s.mapper.ClassPathMapperScanner      : No MyBatis mapper was found in '[com.yc.dao]' package. Please check your configuration.
2024-09-03T17:31:36.058+08:00  INFO 18864 --- [res-security] [main] o.s.cloud.context.scope.GenericScope     : BeanFactory id=d302df67-b54c-34ba-b018-24becdbeaa5a
2024-09-03T17:31:38.549+08:00  INFO 18864 --- [res-security] [main] o.s.cloud.commons.util.InetUtils         : Cannot determine local hostname
2024-09-03T17:31:38.808+08:00  INFO 18864 --- [res-security] [main] c.a.d.s.b.a.DruidDataSourceAutoConfigure : Init DruidDataSource
2024-09-03T17:31:39.297+08:00  INFO 18864 --- [res-security] [main] com.alibaba.druid.pool.DruidDataSource   : {dataSource-1} inited
2024-09-03T17:31:42.210+08:00  INFO 18864 --- [res-security] [main] o.s.cloud.commons.util.InetUtils         : Cannot determine local hostname
2024-09-03T17:31:42.231+08:00  INFO 18864 --- [res-security] [main] o.s.b.a.e.web.EndpointLinksResolver      : Exposing 18 endpoint(s) beneath base path '/actuator'
2024-09-03T17:31:42.342+08:00  INFO 18864 --- [res-security] [main] com.yc.utils.JwtTokenUtilTest            : Started JwtTokenUtilTest in 9.269 seconds (process running for 10.107)
2024-09-03T17:31:43.223+08:00  INFO 18864 --- [res-security] [SpringApplicationShutdownHook] com.alibaba.druid.pool.DruidDataSource   : {dataSource-1} closing ...
2024-09-03T17:31:43.233+08:00  INFO 18864 --- [res-security] [SpringApplicationShutdownHook] com.alibaba.druid.pool.DruidDataSource   : {dataSource-1} closed
2024-09-03T19:48:24.410+08:00  INFO 11008 --- [res-security] [main] com.yc.utils.JwtTokenUtilTest            : Starting JwtTokenUtilTest using Java 17.0.4.1 with PID 11008 (started by DELL in C:\ideaprojects\res_cloud\res-security)
2024-09-03T19:48:24.414+08:00  INFO 11008 --- [res-security] [main] com.yc.utils.JwtTokenUtilTest            : The following 1 profile is active: "dev"
2024-09-03T19:48:25.574+08:00  INFO 11008 --- [res-security] [main] .s.d.r.c.RepositoryConfigurationDelegate : Multiple Spring Data modules found, entering strict repository configuration mode
2024-09-03T19:48:25.577+08:00  INFO 11008 --- [res-security] [main] .s.d.r.c.RepositoryConfigurationDelegate : Bootstrapping Spring Data Redis repositories in DEFAULT mode.
2024-09-03T19:48:25.609+08:00  INFO 11008 --- [res-security] [main] .s.d.r.c.RepositoryConfigurationDelegate : Finished Spring Data repository scanning in 14 ms. Found 0 Redis repository interfaces.
2024-09-03T19:48:25.750+08:00  WARN 11008 --- [res-security] [main] o.m.s.mapper.ClassPathMapperScanner      : No MyBatis mapper was found in '[com.yc.dao]' package. Please check your configuration.
2024-09-03T19:48:25.842+08:00  INFO 11008 --- [res-security] [main] o.s.cloud.context.scope.GenericScope     : BeanFactory id=d302df67-b54c-34ba-b018-24becdbeaa5a
2024-09-03T19:48:28.356+08:00  INFO 11008 --- [res-security] [main] o.s.cloud.commons.util.InetUtils         : Cannot determine local hostname
2024-09-03T19:48:28.602+08:00  INFO 11008 --- [res-security] [main] c.a.d.s.b.a.DruidDataSourceAutoConfigure : Init DruidDataSource
2024-09-03T19:48:29.090+08:00  INFO 11008 --- [res-security] [main] com.alibaba.druid.pool.DruidDataSource   : {dataSource-1} inited
2024-09-03T19:48:31.895+08:00  INFO 11008 --- [res-security] [main] o.s.cloud.commons.util.InetUtils         : Cannot determine local hostname
2024-09-03T19:48:31.913+08:00  INFO 11008 --- [res-security] [main] o.s.b.a.e.web.EndpointLinksResolver      : Exposing 18 endpoint(s) beneath base path '/actuator'
2024-09-03T19:48:31.993+08:00  INFO 11008 --- [res-security] [main] com.yc.utils.JwtTokenUtilTest            : Started JwtTokenUtilTest in 9.117 seconds (process running for 9.863)
2024-09-03T19:48:32.900+08:00  INFO 11008 --- [res-security] [main] com.yc.utils.JwtTokenUtilTest            : eyJ0eXAiOiJKV1QiLCJhbGciOiJIUzI1NiJ9.eyJzdWIiOiLmtYvor5Vqd3TnlJ_miJB0b2tlbiIsInJvbGUiOiJhZG1pbiIsIm5hbWUiOiLlvKDkuIkiLCJleHAiOjE3MjUzNjQxMTI4NjUsImlhdCI6IjZjMjM4ZjM1LWJjNDctNDEyMi1iOTMzLWI3OGIyN2ZhYzhiYyJ9.tK2v8Z3OM2X27pBHjv-0OhuMGsUPHQGh_MvLJQxwZFQ
2024-09-03T19:48:32.940+08:00  INFO 11008 --- [res-security] [SpringApplicationShutdownHook] com.alibaba.druid.pool.DruidDataSource   : {dataSource-1} closing ...
2024-09-03T19:48:32.948+08:00  INFO 11008 --- [res-security] [SpringApplicationShutdownHook] com.alibaba.druid.pool.DruidDataSource   : {dataSource-1} closed
